2025-06-26 12:18:24,524 - INFO - Successfully connected to Binance Futures API.
2025-06-26 12:18:24,524 - INFO - Test Mode ON - Simulating BUY order for 0.01 BTCUSDT
2025-06-26 12:18:24,774 - ERROR - Binance API Error: Invalid API-key, IP, or permissions for action
2025-06-26 12:27:14,339 - INFO - Successfully connected to Binance Futures API.
2025-06-26 12:27:14,340 - INFO - Test Mode ON - Simulating BUY order for 0.01 BTCUSDT
2025-06-26 12:27:14,525 - ERROR - Binance API Error: Invalid API-key, IP, or permissions for action
2025-06-26 12:39:48,918 - INFO - Successfully connected to Binance Futures API.
2025-06-26 12:39:48,918 - INFO - Test Mode ON - Simulating BUY order for 0.01 BTCUSDT
2025-06-26 12:39:49,420 - ERROR - Binance API Error: None
2025-06-26 21:57:38,362 - INFO - Successfully connected to Binance Futures API.
2025-06-26 21:57:38,362 - INFO - Test Mode ON - Simulating BUY order for 0.01 BTCUSDT
2025-06-26 21:57:38,805 - ERROR - Binance API Error: None
2025-06-26 22:14:12,193 - INFO - Successfully connected to Binance Futures API.
2025-06-26 22:14:12,193 - INFO - Placing BUY market order: BTCUSDT Qty: 0.01
2025-06-26 22:14:12,682 - ERROR - Binance API Error: None
2025-06-26 22:16:32,563 - INFO - Successfully connected to Binance Futures API.
2025-06-26 22:16:32,563 - INFO - Test Mode ON - Simulating BUY order for 0.01 BTCUSDT
2025-06-26 22:16:33,097 - ERROR - Binance API Error: None
2025-06-26 22:19:56,974 - INFO - Successfully connected to Binance Futures API.
2025-06-26 22:19:56,974 - INFO - Test Mode ON - Simulating BUY order for 0.01 BTCUSDT
2025-06-26 22:19:57,414 - ERROR - Binance API Error: None
2025-06-26 22:22:21,527 - INFO - Successfully connected to Binance Futures API.
2025-06-26 22:22:21,527 - INFO - Placing BUY market order: BICUSDT, Qty: 0.01
2025-06-26 22:22:21,998 - ERROR - Binance API Error: None
2025-06-26 22:24:19,255 - INFO - Successfully connected to Binance Futures API.
2025-06-26 22:24:19,255 - INFO - Placing BUY market order: **BTCUSDT**, Qty: 0.01
2025-06-26 22:24:19,687 - ERROR - Binance API Error: None
2025-06-26 22:25:06,926 - INFO - Successfully connected to Binance Futures API.
2025-06-26 22:25:06,926 - INFO - Placing BUY market order: BTCUSDT, Qty: 0.01
2025-06-26 22:25:07,102 - ERROR - Binance API Error: None
2025-06-26 22:30:24,787 - INFO - Successfully connected to Binance Futures API.
2025-06-26 22:30:24,787 - INFO - Placing BUY market order: BTCUSDT, Qty: 0.01
2025-06-26 22:30:25,293 - ERROR - Binance API Error: None
2025-06-26 22:34:31,005 - INFO - Successfully connected to Binance Futures API.
2025-06-26 22:34:31,005 - INFO - Placing BUY market order: BTCUSDT, Qty: 0.01
2025-06-26 22:34:31,225 - ERROR - Binance API Error: Invalid API-key, IP, or permissions for action
2025-06-26 22:48:58,083 - INFO - Successfully connected to Binance Futures API.
2025-06-26 22:48:58,083 - INFO - Test Mode ON - Simulating BUY order for 0.01 BTCUSDT
